2018-03-10 16:27:28,213 DEBUG [Forwarding newSession on session null to remote] RequestAddCookies:123 - CookieSpec selected: default
2018-03-10 16:27:28,264 DEBUG [Forwarding newSession on session null to remote] RequestAuthCache:77 - Auth cache not set in the context
2018-03-10 16:27:28,264 DEBUG [Forwarding newSession on session null to remote] PoolingHttpClientConnectionManager:255 - Connection request: [route: {}->http://localhost:4303][total kept alive: 0; route allocated: 0 of 2000; total allocated: 0 of 2000]
2018-03-10 16:27:28,344 DEBUG [Forwarding newSession on session null to remote] PoolingHttpClientConnectionManager:288 - Connection leased: [id: 0][route: {}->http://localhost:4303][total kept alive: 0; route allocated: 1 of 2000; total allocated: 1 of 2000]
2018-03-10 16:27:28,354 DEBUG [Forwarding newSession on session null to remote] MainClientExec:235 - Opening connection {}->http://localhost:4303
2018-03-10 16:27:28,354 DEBUG [Forwarding newSession on session null to remote] DefaultHttpClientConnectionOperator:139 - Connecting to localhost/127.0.0.1:4303
2018-03-10 16:27:28,354 DEBUG [Forwarding newSession on session null to remote] DefaultHttpClientConnectionOperator:146 - Connection established 127.0.0.1:49519<->127.0.0.1:4303
2018-03-10 16:27:28,364 DEBUG [Forwarding newSession on session null to remote] DefaultManagedHttpClientConnection:88 - http-outgoing-0: set socket timeout to 10800000
2018-03-10 16:27:28,364 DEBUG [Forwarding newSession on session null to remote] MainClientExec:256 - Executing request POST /session HTTP/1.1
2018-03-10 16:27:28,364 DEBUG [Forwarding newSession on session null to remote] MainClientExec:261 - Target auth state: UNCHALLENGED
2018-03-10 16:27:28,374 DEBUG [Forwarding newSession on session null to remote] MainClientExec:267 - Proxy auth state: UNCHALLENGED
2018-03-10 16:27:28,374 DEBUG [Forwarding newSession on session null to remote] headers:133 - http-outgoing-0 >> POST /session HTTP/1.1
2018-03-10 16:27:28,374 DEBUG [Forwarding newSession on session null to remote] headers:136 - http-outgoing-0 >> Content-Type: application/json; charset=utf-8
2018-03-10 16:27:28,374 DEBUG [Forwarding newSession on session null to remote] headers:136 - http-outgoing-0 >> Content-Length: 404
2018-03-10 16:27:28,374 DEBUG [Forwarding newSession on session null to remote] headers:136 - http-outgoing-0 >> Host: localhost:4303
2018-03-10 16:27:28,374 DEBUG [Forwarding newSession on session null to remote] headers:136 - http-outgoing-0 >> Connection: Keep-Alive
2018-03-10 16:27:28,384 DEBUG [Forwarding newSession on session null to remote] headers:136 - http-outgoing-0 >> User-Agent: Apache-HttpClient/4.5.3 (Java/1.8.0_161)
2018-03-10 16:27:28,384 DEBUG [Forwarding newSession on session null to remote] headers:136 - http-outgoing-0 >> Accept-Encoding: gzip,deflate
2018-03-10 16:27:28,384 DEBUG [Forwarding newSession on session null to remote] wire:73 - http-outgoing-0 >> "POST /session HTTP/1.1[\r][\n]"
2018-03-10 16:27:28,384 DEBUG [Forwarding newSession on session null to remote] wire:73 - http-outgoing-0 >> "Content-Type: application/json; charset=utf-8[\r][\n]"
2018-03-10 16:27:28,384 DEBUG [Forwarding newSession on session null to remote] wire:73 - http-outgoing-0 >> "Content-Length: 404[\r][\n]"
2018-03-10 16:27:28,384 DEBUG [Forwarding newSession on session null to remote] wire:73 - http-outgoing-0 >> "Host: localhost:4303[\r][\n]"
2018-03-10 16:27:28,384 DEBUG [Forwarding newSession on session null to remote] wire:73 - http-outgoing-0 >> "Connection: Keep-Alive[\r][\n]"
2018-03-10 16:27:28,384 DEBUG [Forwarding newSession on session null to remote] wire:73 - http-outgoing-0 >> "User-Agent: Apache-HttpClient/4.5.3 (Java/1.8.0_161)[\r][\n]"
2018-03-10 16:27:28,384 DEBUG [Forwarding newSession on session null to remote] wire:73 - http-outgoing-0 >> "Accept-Encoding: gzip,deflate[\r][\n]"
2018-03-10 16:27:28,384 DEBUG [Forwarding newSession on session null to remote] wire:73 - http-outgoing-0 >> "[\r][\n]"
2018-03-10 16:27:28,394 DEBUG [Forwarding newSession on session null to remote] wire:73 - http-outgoing-0 >> "{[\n]"
2018-03-10 16:27:28,394 DEBUG [Forwarding newSession on session null to remote] wire:73 - http-outgoing-0 >> "  "desiredCapabilities": {"acceptInsecureCerts":true,"browserName":"firefox","moz:firefoxOptions":{"args":[],"prefs":{}}},[\n]"
2018-03-10 16:27:28,394 DEBUG [Forwarding newSession on session null to remote] wire:73 - http-outgoing-0 >> "  "capabilities": {[\n]"
2018-03-10 16:27:28,394 DEBUG [Forwarding newSession on session null to remote] wire:73 - http-outgoing-0 >> "    "desiredCapabilities": {"acceptInsecureCerts":true,"browserName":"firefox","moz:firefoxOptions":{"args":[],"prefs":{}}},[\n]"
2018-03-10 16:27:28,394 DEBUG [Forwarding newSession on session null to remote] wire:73 - http-outgoing-0 >> "    "firstMatch": [[\n]"
2018-03-10 16:27:28,394 DEBUG [Forwarding newSession on session null to remote] wire:73 - http-outgoing-0 >> "      {"acceptInsecureCerts":true,"browserName":"firefox","moz:firefoxOptions":{"args":[],"prefs":{}}}[\n]"
2018-03-10 16:27:28,394 DEBUG [Forwarding newSession on session null to remote] wire:73 - http-outgoing-0 >> "    ][\n]"
2018-03-10 16:27:28,394 DEBUG [Forwarding newSession on session null to remote] wire:73 - http-outgoing-0 >> "  }[\n]"
2018-03-10 16:27:28,394 DEBUG [Forwarding newSession on session null to remote] wire:87 - http-outgoing-0 >> "}"
2018-03-10 16:27:38,536 DEBUG [Forwarding newSession on session null to remote] wire:73 - http-outgoing-0 << "HTTP/1.1 200 OK[\r][\n]"
2018-03-10 16:27:38,536 DEBUG [Forwarding newSession on session null to remote] wire:73 - http-outgoing-0 << "Connection: close[\r][\n]"
2018-03-10 16:27:38,536 DEBUG [Forwarding newSession on session null to remote] wire:73 - http-outgoing-0 << "Content-Type: application/json; charset=utf-8[\r][\n]"
2018-03-10 16:27:38,536 DEBUG [Forwarding newSession on session null to remote] wire:73 - http-outgoing-0 << "Cache-Control: no-cache[\r][\n]"
2018-03-10 16:27:38,536 DEBUG [Forwarding newSession on session null to remote] wire:73 - http-outgoing-0 << "Content-Length: 499[\r][\n]"
2018-03-10 16:27:38,546 DEBUG [Forwarding newSession on session null to remote] wire:73 - http-outgoing-0 << "Date: Sat, 10 Mar 2018 10:57:38 GMT[\r][\n]"
2018-03-10 16:27:38,546 DEBUG [Forwarding newSession on session null to remote] wire:73 - http-outgoing-0 << "[\r][\n]"
2018-03-10 16:27:38,546 DEBUG [Forwarding newSession on session null to remote] wire:87 - http-outgoing-0 << "{"value": {"sessionId":"b77ea70b-7730-403e-baac-2b1bfa669ba5","capabilities":{"acceptInsecureCerts":true,"browserName":"firefox","browserVersion":"56.0","moz:accessibilityChecks":false,"moz:headless":false,"moz:processID":332,"moz:profile":"C:\\Users\\purushotham\\AppData\\Local\\Temp\\rust_mozprofile.iRB2nGoZRPo6","pageLoadStrategy":"normal","platformName":"windows_nt","platformVersion":"6.1","rotatable":false,"specificationLevel":0,"timeouts":{"implicit":0,"pageLoad":300000,"script":30000}}}}"
2018-03-10 16:27:38,556 DEBUG [Forwarding newSession on session null to remote] headers:122 - http-outgoing-0 << HTTP/1.1 200 OK
2018-03-10 16:27:38,556 DEBUG [Forwarding newSession on session null to remote] headers:125 - http-outgoing-0 << Connection: close
2018-03-10 16:27:38,556 DEBUG [Forwarding newSession on session null to remote] headers:125 - http-outgoing-0 << Content-Type: application/json; charset=utf-8
2018-03-10 16:27:38,556 DEBUG [Forwarding newSession on session null to remote] headers:125 - http-outgoing-0 << Cache-Control: no-cache
2018-03-10 16:27:38,556 DEBUG [Forwarding newSession on session null to remote] headers:125 - http-outgoing-0 << Content-Length: 499
2018-03-10 16:27:38,556 DEBUG [Forwarding newSession on session null to remote] headers:125 - http-outgoing-0 << Date: Sat, 10 Mar 2018 10:57:38 GMT
2018-03-10 16:27:38,617 DEBUG [Forwarding newSession on session null to remote] DefaultManagedHttpClientConnection:79 - http-outgoing-0: Close connection
2018-03-10 16:27:38,627 DEBUG [Forwarding newSession on session null to remote] MainClientExec:104 - Connection discarded
2018-03-10 16:27:38,637 DEBUG [Forwarding newSession on session null to remote] PoolingHttpClientConnectionManager:326 - Connection released: [id: 0][route: {}->http://localhost:4303][total kept alive: 0; route allocated: 0 of 2000; total allocated: 0 of 2000]
2018-03-10 16:27:38,818 DEBUG [Forwarding get on session b77ea70b-7730-403e-baac-2b1bfa669ba5 to remote] RequestAddCookies:123 - CookieSpec selected: default
2018-03-10 16:27:38,818 DEBUG [Forwarding get on session b77ea70b-7730-403e-baac-2b1bfa669ba5 to remote] RequestAuthCache:77 - Auth cache not set in the context
2018-03-10 16:27:38,818 DEBUG [Forwarding get on session b77ea70b-7730-403e-baac-2b1bfa669ba5 to remote] PoolingHttpClientConnectionManager:255 - Connection request: [route: {}->http://localhost:4303][total kept alive: 0; route allocated: 0 of 2000; total allocated: 0 of 2000]
2018-03-10 16:27:38,818 DEBUG [Forwarding get on session b77ea70b-7730-403e-baac-2b1bfa669ba5 to remote] PoolingHttpClientConnectionManager:288 - Connection leased: [id: 1][route: {}->http://localhost:4303][total kept alive: 0; route allocated: 1 of 2000; total allocated: 1 of 2000]
2018-03-10 16:27:38,818 DEBUG [Forwarding get on session b77ea70b-7730-403e-baac-2b1bfa669ba5 to remote] MainClientExec:235 - Opening connection {}->http://localhost:4303
2018-03-10 16:27:38,818 DEBUG [Forwarding get on session b77ea70b-7730-403e-baac-2b1bfa669ba5 to remote] DefaultHttpClientConnectionOperator:139 - Connecting to localhost/127.0.0.1:4303
2018-03-10 16:27:38,818 DEBUG [Forwarding get on session b77ea70b-7730-403e-baac-2b1bfa669ba5 to remote] DefaultHttpClientConnectionOperator:146 - Connection established 127.0.0.1:49553<->127.0.0.1:4303
2018-03-10 16:27:38,818 DEBUG [Forwarding get on session b77ea70b-7730-403e-baac-2b1bfa669ba5 to remote] DefaultManagedHttpClientConnection:88 - http-outgoing-1: set socket timeout to 10800000
2018-03-10 16:27:38,818 DEBUG [Forwarding get on session b77ea70b-7730-403e-baac-2b1bfa669ba5 to remote] MainClientExec:256 - Executing request POST /session/b77ea70b-7730-403e-baac-2b1bfa669ba5/url HTTP/1.1
2018-03-10 16:27:38,818 DEBUG [Forwarding get on session b77ea70b-7730-403e-baac-2b1bfa669ba5 to remote] MainClientExec:261 - Target auth state: UNCHALLENGED
2018-03-10 16:27:38,818 DEBUG [Forwarding get on session b77ea70b-7730-403e-baac-2b1bfa669ba5 to remote] MainClientExec:267 - Proxy auth state: UNCHALLENGED
2018-03-10 16:27:38,818 DEBUG [Forwarding get on session b77ea70b-7730-403e-baac-2b1bfa669ba5 to remote] headers:133 - http-outgoing-1 >> POST /session/b77ea70b-7730-403e-baac-2b1bfa669ba5/url HTTP/1.1
2018-03-10 16:27:38,828 DEBUG [Forwarding get on session b77ea70b-7730-403e-baac-2b1bfa669ba5 to remote] headers:136 - http-outgoing-1 >> Content-Type: application/json; charset=utf-8
2018-03-10 16:27:38,828 DEBUG [Forwarding get on session b77ea70b-7730-403e-baac-2b1bfa669ba5 to remote] headers:136 - http-outgoing-1 >> Content-Length: 35
2018-03-10 16:27:38,828 DEBUG [Forwarding get on session b77ea70b-7730-403e-baac-2b1bfa669ba5 to remote] headers:136 - http-outgoing-1 >> Host: localhost:4303
2018-03-10 16:27:38,828 DEBUG [Forwarding get on session b77ea70b-7730-403e-baac-2b1bfa669ba5 to remote] headers:136 - http-outgoing-1 >> Connection: Keep-Alive
2018-03-10 16:27:38,828 DEBUG [Forwarding get on session b77ea70b-7730-403e-baac-2b1bfa669ba5 to remote] headers:136 - http-outgoing-1 >> User-Agent: Apache-HttpClient/4.5.3 (Java/1.8.0_161)
2018-03-10 16:27:38,828 DEBUG [Forwarding get on session b77ea70b-7730-403e-baac-2b1bfa669ba5 to remote] headers:136 - http-outgoing-1 >> Accept-Encoding: gzip,deflate
2018-03-10 16:27:38,828 DEBUG [Forwarding get on session b77ea70b-7730-403e-baac-2b1bfa669ba5 to remote] wire:73 - http-outgoing-1 >> "POST /session/b77ea70b-7730-403e-baac-2b1bfa669ba5/url HTTP/1.1[\r][\n]"
2018-03-10 16:27:38,838 DEBUG [Forwarding get on session b77ea70b-7730-403e-baac-2b1bfa669ba5 to remote] wire:73 - http-outgoing-1 >> "Content-Type: application/json; charset=utf-8[\r][\n]"
2018-03-10 16:27:38,838 DEBUG [Forwarding get on session b77ea70b-7730-403e-baac-2b1bfa669ba5 to remote] wire:73 - http-outgoing-1 >> "Content-Length: 35[\r][\n]"
2018-03-10 16:27:38,838 DEBUG [Forwarding get on session b77ea70b-7730-403e-baac-2b1bfa669ba5 to remote] wire:73 - http-outgoing-1 >> "Host: localhost:4303[\r][\n]"
2018-03-10 16:27:38,838 DEBUG [Forwarding get on session b77ea70b-7730-403e-baac-2b1bfa669ba5 to remote] wire:73 - http-outgoing-1 >> "Connection: Keep-Alive[\r][\n]"
2018-03-10 16:27:38,838 DEBUG [Forwarding get on session b77ea70b-7730-403e-baac-2b1bfa669ba5 to remote] wire:73 - http-outgoing-1 >> "User-Agent: Apache-HttpClient/4.5.3 (Java/1.8.0_161)[\r][\n]"
2018-03-10 16:27:38,838 DEBUG [Forwarding get on session b77ea70b-7730-403e-baac-2b1bfa669ba5 to remote] wire:73 - http-outgoing-1 >> "Accept-Encoding: gzip,deflate[\r][\n]"
2018-03-10 16:27:38,838 DEBUG [Forwarding get on session b77ea70b-7730-403e-baac-2b1bfa669ba5 to remote] wire:73 - http-outgoing-1 >> "[\r][\n]"
2018-03-10 16:27:38,838 DEBUG [Forwarding get on session b77ea70b-7730-403e-baac-2b1bfa669ba5 to remote] wire:87 - http-outgoing-1 >> "{"url":"https://www.facebook.com/"}"
2018-03-10 16:27:45,131 DEBUG [Forwarding get on session b77ea70b-7730-403e-baac-2b1bfa669ba5 to remote] wire:73 - http-outgoing-1 << "HTTP/1.1 200 OK[\r][\n]"
2018-03-10 16:27:45,133 DEBUG [Forwarding get on session b77ea70b-7730-403e-baac-2b1bfa669ba5 to remote] wire:73 - http-outgoing-1 << "Connection: close[\r][\n]"
2018-03-10 16:27:45,135 DEBUG [Forwarding get on session b77ea70b-7730-403e-baac-2b1bfa669ba5 to remote] wire:73 - http-outgoing-1 << "Content-Type: application/json; charset=utf-8[\r][\n]"
2018-03-10 16:27:45,136 DEBUG [Forwarding get on session b77ea70b-7730-403e-baac-2b1bfa669ba5 to remote] wire:73 - http-outgoing-1 << "Cache-Control: no-cache[\r][\n]"
2018-03-10 16:27:45,138 DEBUG [Forwarding get on session b77ea70b-7730-403e-baac-2b1bfa669ba5 to remote] wire:73 - http-outgoing-1 << "Content-Length: 13[\r][\n]"
2018-03-10 16:27:45,140 DEBUG [Forwarding get on session b77ea70b-7730-403e-baac-2b1bfa669ba5 to remote] wire:73 - http-outgoing-1 << "Date: Sat, 10 Mar 2018 10:57:45 GMT[\r][\n]"
2018-03-10 16:27:45,141 DEBUG [Forwarding get on session b77ea70b-7730-403e-baac-2b1bfa669ba5 to remote] wire:73 - http-outgoing-1 << "[\r][\n]"
2018-03-10 16:27:45,147 DEBUG [Forwarding get on session b77ea70b-7730-403e-baac-2b1bfa669ba5 to remote] wire:87 - http-outgoing-1 << "{"value": {}}"
2018-03-10 16:27:45,148 DEBUG [Forwarding get on session b77ea70b-7730-403e-baac-2b1bfa669ba5 to remote] headers:122 - http-outgoing-1 << HTTP/1.1 200 OK
2018-03-10 16:27:45,149 DEBUG [Forwarding get on session b77ea70b-7730-403e-baac-2b1bfa669ba5 to remote] headers:125 - http-outgoing-1 << Connection: close
2018-03-10 16:27:45,150 DEBUG [Forwarding get on session b77ea70b-7730-403e-baac-2b1bfa669ba5 to remote] headers:125 - http-outgoing-1 << Content-Type: application/json; charset=utf-8
2018-03-10 16:27:45,151 DEBUG [Forwarding get on session b77ea70b-7730-403e-baac-2b1bfa669ba5 to remote] headers:125 - http-outgoing-1 << Cache-Control: no-cache
2018-03-10 16:27:45,152 DEBUG [Forwarding get on session b77ea70b-7730-403e-baac-2b1bfa669ba5 to remote] headers:125 - http-outgoing-1 << Content-Length: 13
2018-03-10 16:27:45,153 DEBUG [Forwarding get on session b77ea70b-7730-403e-baac-2b1bfa669ba5 to remote] headers:125 - http-outgoing-1 << Date: Sat, 10 Mar 2018 10:57:45 GMT
2018-03-10 16:27:45,155 DEBUG [Forwarding get on session b77ea70b-7730-403e-baac-2b1bfa669ba5 to remote] DefaultManagedHttpClientConnection:79 - http-outgoing-1: Close connection
2018-03-10 16:27:45,156 DEBUG [Forwarding get on session b77ea70b-7730-403e-baac-2b1bfa669ba5 to remote] MainClientExec:104 - Connection discarded
2018-03-10 16:27:45,158 DEBUG [Forwarding get on session b77ea70b-7730-403e-baac-2b1bfa669ba5 to remote] PoolingHttpClientConnectionManager:326 - Connection released: [id: 1][route: {}->http://localhost:4303][total kept alive: 0; route allocated: 0 of 2000; total allocated: 0 of 2000]
2018-03-10 16:27:45,213 DEBUG [Forwarding findElement on session b77ea70b-7730-403e-baac-2b1bfa669ba5 to remote] RequestAddCookies:123 - CookieSpec selected: default
2018-03-10 16:27:45,215 DEBUG [Forwarding findElement on session b77ea70b-7730-403e-baac-2b1bfa669ba5 to remote] RequestAuthCache:77 - Auth cache not set in the context
2018-03-10 16:27:45,216 DEBUG [Forwarding findElement on session b77ea70b-7730-403e-baac-2b1bfa669ba5 to remote] PoolingHttpClientConnectionManager:255 - Connection request: [route: {}->http://localhost:4303][total kept alive: 0; route allocated: 0 of 2000; total allocated: 0 of 2000]
2018-03-10 16:27:45,224 DEBUG [Forwarding findElement on session b77ea70b-7730-403e-baac-2b1bfa669ba5 to remote] PoolingHttpClientConnectionManager:288 - Connection leased: [id: 2][route: {}->http://localhost:4303][total kept alive: 0; route allocated: 1 of 2000; total allocated: 1 of 2000]
2018-03-10 16:27:45,226 DEBUG [Forwarding findElement on session b77ea70b-7730-403e-baac-2b1bfa669ba5 to remote] MainClientExec:235 - Opening connection {}->http://localhost:4303
2018-03-10 16:27:45,227 DEBUG [Forwarding findElement on session b77ea70b-7730-403e-baac-2b1bfa669ba5 to remote] DefaultHttpClientConnectionOperator:139 - Connecting to localhost/127.0.0.1:4303
2018-03-10 16:27:45,229 DEBUG [Forwarding findElement on session b77ea70b-7730-403e-baac-2b1bfa669ba5 to remote] DefaultHttpClientConnectionOperator:146 - Connection established 127.0.0.1:49576<->127.0.0.1:4303
2018-03-10 16:27:45,230 DEBUG [Forwarding findElement on session b77ea70b-7730-403e-baac-2b1bfa669ba5 to remote] DefaultManagedHttpClientConnection:88 - http-outgoing-2: set socket timeout to 10800000
2018-03-10 16:27:45,231 DEBUG [Forwarding findElement on session b77ea70b-7730-403e-baac-2b1bfa669ba5 to remote] MainClientExec:256 - Executing request POST /session/b77ea70b-7730-403e-baac-2b1bfa669ba5/element HTTP/1.1
2018-03-10 16:27:45,231 DEBUG [Forwarding findElement on session b77ea70b-7730-403e-baac-2b1bfa669ba5 to remote] MainClientExec:261 - Target auth state: UNCHALLENGED
2018-03-10 16:27:45,232 DEBUG [Forwarding findElement on session b77ea70b-7730-403e-baac-2b1bfa669ba5 to remote] MainClientExec:267 - Proxy auth state: UNCHALLENGED
2018-03-10 16:27:45,233 DEBUG [Forwarding findElement on session b77ea70b-7730-403e-baac-2b1bfa669ba5 to remote] headers:133 - http-outgoing-2 >> POST /session/b77ea70b-7730-403e-baac-2b1bfa669ba5/element HTTP/1.1
2018-03-10 16:27:45,234 DEBUG [Forwarding findElement on session b77ea70b-7730-403e-baac-2b1bfa669ba5 to remote] headers:136 - http-outgoing-2 >> Content-Type: application/json; charset=utf-8
2018-03-10 16:27:45,263 DEBUG [Forwarding findElement on session b77ea70b-7730-403e-baac-2b1bfa669ba5 to remote] headers:136 - http-outgoing-2 >> Content-Length: 66
2018-03-10 16:27:45,264 DEBUG [Forwarding findElement on session b77ea70b-7730-403e-baac-2b1bfa669ba5 to remote] headers:136 - http-outgoing-2 >> Host: localhost:4303
2018-03-10 16:27:45,265 DEBUG [Forwarding findElement on session b77ea70b-7730-403e-baac-2b1bfa669ba5 to remote] headers:136 - http-outgoing-2 >> Connection: Keep-Alive
2018-03-10 16:27:45,265 DEBUG [Forwarding findElement on session b77ea70b-7730-403e-baac-2b1bfa669ba5 to remote] headers:136 - http-outgoing-2 >> User-Agent: Apache-HttpClient/4.5.3 (Java/1.8.0_161)
2018-03-10 16:27:45,266 DEBUG [Forwarding findElement on session b77ea70b-7730-403e-baac-2b1bfa669ba5 to remote] headers:136 - http-outgoing-2 >> Accept-Encoding: gzip,deflate
2018-03-10 16:27:45,267 DEBUG [Forwarding findElement on session b77ea70b-7730-403e-baac-2b1bfa669ba5 to remote] wire:73 - http-outgoing-2 >> "POST /session/b77ea70b-7730-403e-baac-2b1bfa669ba5/element HTTP/1.1[\r][\n]"
2018-03-10 16:27:45,268 DEBUG [Forwarding findElement on session b77ea70b-7730-403e-baac-2b1bfa669ba5 to remote] wire:73 - http-outgoing-2 >> "Content-Type: application/json; charset=utf-8[\r][\n]"
2018-03-10 16:27:45,269 DEBUG [Forwarding findElement on session b77ea70b-7730-403e-baac-2b1bfa669ba5 to remote] wire:73 - http-outgoing-2 >> "Content-Length: 66[\r][\n]"
2018-03-10 16:27:45,270 DEBUG [Forwarding findElement on session b77ea70b-7730-403e-baac-2b1bfa669ba5 to remote] wire:73 - http-outgoing-2 >> "Host: localhost:4303[\r][\n]"
2018-03-10 16:27:45,270 DEBUG [Forwarding findElement on session b77ea70b-7730-403e-baac-2b1bfa669ba5 to remote] wire:73 - http-outgoing-2 >> "Connection: Keep-Alive[\r][\n]"
2018-03-10 16:27:45,271 DEBUG [Forwarding findElement on session b77ea70b-7730-403e-baac-2b1bfa669ba5 to remote] wire:73 - http-outgoing-2 >> "User-Agent: Apache-HttpClient/4.5.3 (Java/1.8.0_161)[\r][\n]"
2018-03-10 16:27:45,272 DEBUG [Forwarding findElement on session b77ea70b-7730-403e-baac-2b1bfa669ba5 to remote] wire:73 - http-outgoing-2 >> "Accept-Encoding: gzip,deflate[\r][\n]"
2018-03-10 16:27:45,272 DEBUG [Forwarding findElement on session b77ea70b-7730-403e-baac-2b1bfa669ba5 to remote] wire:73 - http-outgoing-2 >> "[\r][\n]"
2018-03-10 16:27:45,274 DEBUG [Forwarding findElement on session b77ea70b-7730-403e-baac-2b1bfa669ba5 to remote] wire:87 - http-outgoing-2 >> "{"value":"//input[@type\u003d\u00271email\u0027]","using":"xpath"}"
2018-03-10 16:27:45,308 DEBUG [Forwarding findElement on session b77ea70b-7730-403e-baac-2b1bfa669ba5 to remote] wire:73 - http-outgoing-2 << "HTTP/1.1 404 Not Found[\r][\n]"
2018-03-10 16:27:45,310 DEBUG [Forwarding findElement on session b77ea70b-7730-403e-baac-2b1bfa669ba5 to remote] wire:73 - http-outgoing-2 << "Connection: close[\r][\n]"
2018-03-10 16:27:45,312 DEBUG [Forwarding findElement on session b77ea70b-7730-403e-baac-2b1bfa669ba5 to remote] wire:73 - http-outgoing-2 << "Content-Type: application/json; charset=utf-8[\r][\n]"
2018-03-10 16:27:45,313 DEBUG [Forwarding findElement on session b77ea70b-7730-403e-baac-2b1bfa669ba5 to remote] wire:73 - http-outgoing-2 << "Cache-Control: no-cache[\r][\n]"
2018-03-10 16:27:45,314 DEBUG [Forwarding findElement on session b77ea70b-7730-403e-baac-2b1bfa669ba5 to remote] wire:73 - http-outgoing-2 << "Content-Length: 301[\r][\n]"
2018-03-10 16:27:45,316 DEBUG [Forwarding findElement on session b77ea70b-7730-403e-baac-2b1bfa669ba5 to remote] wire:73 - http-outgoing-2 << "Date: Sat, 10 Mar 2018 10:57:45 GMT[\r][\n]"
2018-03-10 16:27:45,317 DEBUG [Forwarding findElement on session b77ea70b-7730-403e-baac-2b1bfa669ba5 to remote] wire:73 - http-outgoing-2 << "[\r][\n]"
2018-03-10 16:27:45,318 DEBUG [Forwarding findElement on session b77ea70b-7730-403e-baac-2b1bfa669ba5 to remote] wire:87 - http-outgoing-2 << "{"value":{"error":"no such element","message":"Unable to locate element: //input[@type='1email']","stacktrace":"WebDriverError@chrome://marionette/content/error.js:227:5\nNoSuchElementError@chrome://marionette/content/error.js:455:5\nelement.find/</<@chrome://marionette/content/element.js:290:16\n"}}"
2018-03-10 16:27:45,320 DEBUG [Forwarding findElement on session b77ea70b-7730-403e-baac-2b1bfa669ba5 to remote] headers:122 - http-outgoing-2 << HTTP/1.1 404 Not Found
2018-03-10 16:27:45,321 DEBUG [Forwarding findElement on session b77ea70b-7730-403e-baac-2b1bfa669ba5 to remote] headers:125 - http-outgoing-2 << Connection: close
2018-03-10 16:27:45,322 DEBUG [Forwarding findElement on session b77ea70b-7730-403e-baac-2b1bfa669ba5 to remote] headers:125 - http-outgoing-2 << Content-Type: application/json; charset=utf-8
2018-03-10 16:27:45,323 DEBUG [Forwarding findElement on session b77ea70b-7730-403e-baac-2b1bfa669ba5 to remote] headers:125 - http-outgoing-2 << Cache-Control: no-cache
2018-03-10 16:27:45,324 DEBUG [Forwarding findElement on session b77ea70b-7730-403e-baac-2b1bfa669ba5 to remote] headers:125 - http-outgoing-2 << Content-Length: 301
2018-03-10 16:27:45,325 DEBUG [Forwarding findElement on session b77ea70b-7730-403e-baac-2b1bfa669ba5 to remote] headers:125 - http-outgoing-2 << Date: Sat, 10 Mar 2018 10:57:45 GMT
2018-03-10 16:27:45,327 DEBUG [Forwarding findElement on session b77ea70b-7730-403e-baac-2b1bfa669ba5 to remote] DefaultManagedHttpClientConnection:79 - http-outgoing-2: Close connection
2018-03-10 16:27:45,329 DEBUG [Forwarding findElement on session b77ea70b-7730-403e-baac-2b1bfa669ba5 to remote] MainClientExec:104 - Connection discarded
2018-03-10 16:27:45,330 DEBUG [Forwarding findElement on session b77ea70b-7730-403e-baac-2b1bfa669ba5 to remote] PoolingHttpClientConnectionManager:326 - Connection released: [id: 2][route: {}->http://localhost:4303][total kept alive: 0; route allocated: 0 of 2000; total allocated: 0 of 2000]
